c:\users\phate\documents\visual studio 2010\Projects\pin_escaping_detect_parent\Debug\pin_escaping_detect_parent.pdb
c:\Users\phate\documents\visual studio 2010\Projects\pin_escaping_detect_parent\pin_escaping_detect_parent\Debug\cl.command.1.tlog
c:\Users\phate\documents\visual studio 2010\Projects\pin_escaping_detect_parent\pin_escaping_detect_parent\Debug\CL.read.1.tlog
c:\Users\phate\documents\visual studio 2010\Projects\pin_escaping_detect_parent\pin_escaping_detect_parent\Debug\CL.write.1.tlog
c:\Users\phate\documents\visual studio 2010\Projects\pin_escaping_detect_parent\pin_escaping_detect_parent\Debug\link.command.1.tlog
c:\Users\phate\documents\visual studio 2010\Projects\pin_escaping_detect_parent\pin_escaping_detect_parent\Debug\link.read.1.tlog
c:\Users\phate\documents\visual studio 2010\Projects\pin_escaping_detect_parent\pin_escaping_detect_parent\Debug\link.write.1.tlog
c:\Users\phate\documents\visual studio 2010\Projects\pin_escaping_detect_parent\pin_escaping_detect_parent\Debug\link-cvtres.read.1.tlog
c:\Users\phate\documents\visual studio 2010\Projects\pin_escaping_detect_parent\pin_escaping_detect_parent\Debug\link-cvtres.write.1.tlog
c:\Users\phate\documents\visual studio 2010\Projects\pin_escaping_detect_parent\pin_escaping_detect_parent\Debug\pin_escaping_detect_parent.exe.embed.manifest
C:\USERS\PHATE\DOCUMENTS\VISUAL STUDIO 2010\PROJECTS\PIN_ESCAPING_DETECT_PARENT\PIN_ESCAPING_DETECT_PARENT\DEBUG\PIN_ESCAPING_DETECT_PARENT.EXE.EMBED.MANIFEST.RES
C:\USERS\PHATE\DOCUMENTS\VISUAL STUDIO 2010\PROJECTS\PIN_ESCAPING_DETECT_PARENT\PIN_ESCAPING_DETECT_PARENT\DEBUG\PIN_ESCAPING_DETECT_PARENT.OBJ
C:\USERS\PHATE\DOCUMENTS\VISUAL STUDIO 2010\PROJECTS\PIN_ESCAPING_DETECT_PARENT\PIN_ESCAPING_DETECT_PARENT\DEBUG\PIN_ESCAPING_DETECT_PARENT.PCH
c:\Users\phate\documents\visual studio 2010\Projects\pin_escaping_detect_parent\pin_escaping_detect_parent\Debug\pin_escaping_detect_parent_manifest.rc
c:\Users\phate\documents\visual studio 2010\Projects\pin_escaping_detect_parent\pin_escaping_detect_parent\Debug\rc.command.1.tlog
c:\Users\phate\documents\visual studio 2010\Projects\pin_escaping_detect_parent\pin_escaping_detect_parent\Debug\rc.read.1.tlog
c:\Users\phate\documents\visual studio 2010\Projects\pin_escaping_detect_parent\pin_escaping_detect_parent\Debug\rc.write.1.tlog
C:\USERS\PHATE\DOCUMENTS\VISUAL STUDIO 2010\PROJECTS\PIN_ESCAPING_DETECT_PARENT\PIN_ESCAPING_DETECT_PARENT\DEBUG\STDAFX.OBJ
c:\Users\phate\documents\visual studio 2010\Projects\pin_escaping_detect_parent\pin_escaping_detect_parent\Debug\vc100.idb
C:\USERS\PHATE\DOCUMENTS\VISUAL STUDIO 2010\PROJECTS\PIN_ESCAPING_DETECT_PARENT\PIN_ESCAPING_DETECT_PARENT\DEBUG\VC100.PDB
