Compilazione avviata 10/1/2015 7:57:52 AM.
Progetto "c:\Users\phate\documents\visual studio 2010\Projects\pin_escaping_detect_parent\pin_escaping_detect_parent\pin_escaping_detect_parent.vcxproj" sul nodo 2 (destinazioni: build).
InitializeBuildStatus:
  Aggiornamento timestamp di "Debug\pin_escaping_detect_parent.unsuccessfulbuild".
ClCompile:
  Tutti gli output sono aggiornati.
  Tutti gli output sono aggiornati.
ManifestResourceCompile:
  Tutti gli output sono aggiornati.
Link:
  C:\Program Files\Microsoft Visual Studio 10.0\VC\bin\link.exe /ERRORREPORT:PROMPT /OUT:"c:\users\phate\documents\visual studio 2010\Projects\pin_escaping_detect_parent\Debug\pin_escaping_detect_parent.exe" /INCREMENTAL /NOLOGO kernel32.lib user32.lib gdi32.lib winspool.lib comdlg32.lib advapi32.lib shell32.lib ole32.lib oleaut32.lib uuid.lib odbc32.lib odbccp32.lib /MANIFEST /ManifestFile:"Debug\pin_escaping_detect_parent.exe.intermediate.manifest" /MANIFESTUAC:"level='asInvoker' uiAccess='false'" /DEBUG /PDB:"c:\users\phate\documents\visual studio 2010\Projects\pin_escaping_detect_parent\Debug\pin_escaping_detect_parent.pdb" /SUBSYSTEM:CONSOLE /TLBID:1 /DYNAMICBASE:NO /NXCOMPAT /IMPLIB:"c:\users\phate\documents\visual studio 2010\Projects\pin_escaping_detect_parent\Debug\pin_escaping_detect_parent.lib" /MACHINE:X86 Debug\pin_escaping_detect_parent.exe.embed.manifest.res
  Debug\pin_escaping_detect_parent.obj
  Debug\stdafx.obj
Manifest:
  C:\Program Files\Microsoft SDKs\Windows\v7.0A\bin\mt.exe /nologo /verbose /out:"Debug\pin_escaping_detect_parent.exe.embed.manifest" /manifest Debug\pin_escaping_detect_parent.exe.intermediate.manifest
  C:\Program Files\Microsoft SDKs\Windows\v7.0A\bin\rc.exe /nologo /fo"Debug\pin_escaping_detect_parent.exe.embed.manifest.res" Debug\pin_escaping_detect_parent_manifest.rc 
LinkEmbedManifest:
  C:\Program Files\Microsoft Visual Studio 10.0\VC\bin\link.exe /ERRORREPORT:PROMPT /OUT:"c:\users\phate\documents\visual studio 2010\Projects\pin_escaping_detect_parent\Debug\pin_escaping_detect_parent.exe" /INCREMENTAL /NOLOGO kernel32.lib user32.lib gdi32.lib winspool.lib comdlg32.lib advapi32.lib shell32.lib ole32.lib oleaut32.lib uuid.lib odbc32.lib odbccp32.lib /MANIFEST /ManifestFile:"Debug\pin_escaping_detect_parent.exe.intermediate.manifest" /MANIFESTUAC:"level='asInvoker' uiAccess='false'" /DEBUG /PDB:"c:\users\phate\documents\visual studio 2010\Projects\pin_escaping_detect_parent\Debug\pin_escaping_detect_parent.pdb" /SUBSYSTEM:CONSOLE /TLBID:1 /DYNAMICBASE:NO /NXCOMPAT /IMPLIB:"c:\users\phate\documents\visual studio 2010\Projects\pin_escaping_detect_parent\Debug\pin_escaping_detect_parent.lib" /MACHINE:X86 Debug\pin_escaping_detect_parent.exe.embed.manifest.res
  Debug\pin_escaping_detect_parent.obj
  Debug\stdafx.obj
  pin_escaping_detect_parent.vcxproj -> c:\users\phate\documents\visual studio 2010\Projects\pin_escaping_detect_parent\Debug\pin_escaping_detect_parent.exe
FinalizeBuildStatus:
  Eliminazione del file "Debug\pin_escaping_detect_parent.unsuccessfulbuild" in corso.
  Aggiornamento timestamp di "Debug\pin_escaping_detect_parent.lastbuildstate".
Compilazione progetto "c:\Users\phate\documents\visual studio 2010\Projects\pin_escaping_detect_parent\pin_escaping_detect_parent\pin_escaping_detect_parent.vcxproj" (destinazioni: build) completata.

Compilazione completata.

Tempo trascorso 00:00:01.41
